scynd2/app/build/intermediates/manifest_merge_blame_file/release/manifest-merger-blame-release-report.txt
1<?xml version="1.0" encoding="utf-8"?>
2<manifest xmlns:android="http://schemas.android.com/apk/res/android"
3    package="com.example.scynd2"
4    android:versionCode="1"
5    android:versionName="1.3" >
6
7    <uses-sdk
8        android:minSdkVersion="21"
8-->src\main\AndroidManifest.xml
9        android:targetSdkVersion="30" />
9-->src\main\AndroidManifest.xml
10    <!-- 地图包、搜索包需要的基础权限 -->
11    <!-- 允许程序打开网络套接字 -->
12    <uses-permission android:name="android.permission.INTERNET" />
12-->src\main\AndroidManifest.xml:6:5-67
12-->src\main\AndroidManifest.xml:6:22-64
13    <uses-permission android:name="android.permission.WRITE_EXTERNAL_STORAGE" />
13-->src\main\AndroidManifest.xml:7:5-81
13-->src\main\AndroidManifest.xml:7:22-78
14    <uses-permission android:name="android.permission.ACCESS_NETWORK_STATE" />
14-->src\main\AndroidManifest.xml:8:5-79
14-->src\main\AndroidManifest.xml:8:22-76
15    <uses-permission android:name="android.permission.ACCESS_WIFI_STATE" />
15-->src\main\AndroidManifest.xml:9:5-76
15-->src\main\AndroidManifest.xml:9:22-73
16    <uses-permission android:name="android.permission.READ_PHONE_STATE" />
16-->src\main\AndroidManifest.xml:10:5-75
16-->src\main\AndroidManifest.xml:10:22-72
17    <uses-permission android:name="android.permission.ACCESS_COARSE_LOCATION" />
17-->src\main\AndroidManifest.xml:11:5-81
17-->src\main\AndroidManifest.xml:11:22-78
18    <uses-permission android:name="android.permission.ACCESS_COARSE_LOCATION" />
18-->src\main\AndroidManifest.xml:11:5-81
18-->src\main\AndroidManifest.xml:11:22-78
19    <uses-permission android:name="android.permission.ACCESS_FINE_LOCATION" />
19-->src\main\AndroidManifest.xml:13:5-79
19-->src\main\AndroidManifest.xml:13:22-76
20    <uses-permission android:name="android.permission.ACCESS_NETWORK_STATE" />
20-->src\main\AndroidManifest.xml:8:5-79
20-->src\main\AndroidManifest.xml:8:22-76
21    <uses-permission android:name="android.permission.ACCESS_WIFI_STATE" />
21-->src\main\AndroidManifest.xml:9:5-76
21-->src\main\AndroidManifest.xml:9:22-73
22    <uses-permission android:name="android.permission.CHANGE_WIFI_STATE" />
22-->src\main\AndroidManifest.xml:16:5-76
22-->src\main\AndroidManifest.xml:16:22-73
23    <uses-permission android:name="android.permission.INTERNET" />
23-->src\main\AndroidManifest.xml:6:5-67
23-->src\main\AndroidManifest.xml:6:22-64
24    <uses-permission android:name="android.permission.READ_PHONE_STATE" />
24-->src\main\AndroidManifest.xml:10:5-75
24-->src\main\AndroidManifest.xml:10:22-72
25    <uses-permission android:name="android.permission.WRITE_EXTERNAL_STORAGE" />
25-->src\main\AndroidManifest.xml:7:5-81
25-->src\main\AndroidManifest.xml:7:22-78
26    <uses-permission android:name="android.permission.ACCESS_LOCATION_EXTRA_COMMANDS" />
26-->src\main\AndroidManifest.xml:20:5-89
26-->src\main\AndroidManifest.xml:20:22-86
27    <uses-permission android:name="android.permission.BLUETOOTH" />
27-->src\main\AndroidManifest.xml:21:5-68
27-->src\main\AndroidManifest.xml:21:22-65
28    <uses-permission android:name="android.permission.BLUETOOTH_ADMIN" />
28-->src\main\AndroidManifest.xml:22:5-74
28-->src\main\AndroidManifest.xml:22:22-71
29
30    <uses-feature
30-->[com.google.android.gms:play-services-maps:18.1.0] AndroidManifest.xml:26:5-28:35
31        android:glEsVersion="0x00020000"
31-->[com.google.android.gms:play-services-maps:18.1.0] AndroidManifest.xml:27:9-41
32        android:required="true" />
32-->[com.google.android.gms:play-services-maps:18.1.0] AndroidManifest.xml:28:9-32
33
34    <queries>
34-->[com.google.android.gms:play-services-maps:18.1.0] AndroidManifest.xml:30:5-34:15
35
36        <!-- Needs to be explicitly declared on Android R+ -->
37        <package android:name="com.google.android.apps.maps" />
37-->[com.google.android.gms:play-services-maps:18.1.0] AndroidManifest.xml:33:9-64
37-->[com.google.android.gms:play-services-maps:18.1.0] AndroidManifest.xml:33:18-61
38    </queries>
39
40    <application
40-->src\main\AndroidManifest.xml:24:5-62:19
41        android:allowBackup="true"
41-->src\main\AndroidManifest.xml:25:9-35
42        android:appComponentFactory="androidx.core.app.CoreComponentFactory"
42-->[androidx.core:core:1.5.0] AndroidManifest.xml:24:18-86
43        android:icon="@mipmap/run"
43-->src\main\AndroidManifest.xml:26:9-35
44        android:label="@string/app_name"
44-->src\main\AndroidManifest.xml:27:9-41
45        android:roundIcon="@mipmap/run"
45-->src\main\AndroidManifest.xml:28:9-40
46        android:supportsRtl="true"
46-->src\main\AndroidManifest.xml:29:9-35
47        android:theme="@style/AppTheme" >
47-->src\main\AndroidManifest.xml:30:9-40
48        <activity
48-->src\main\AndroidManifest.xml:31:9-33:40
49            android:name="com.example.scynd2.UI.Activity.GoogleMapActivity"
49-->src\main\AndroidManifest.xml:32:13-58
50            android:exported="false" />
50-->src\main\AndroidManifest.xml:33:13-37
51        <activity
51-->src\main\AndroidManifest.xml:34:9-36:40
52            android:name="com.example.scynd2.UI.Activity.UserGuidesActivity"
52-->src\main\AndroidManifest.xml:35:13-59
53            android:exported="false" />
53-->src\main\AndroidManifest.xml:36:13-37
54        <activity android:name="com.example.scynd2.UI.Activity.UserHistoryActivity" />
54-->src\main\AndroidManifest.xml:37:9-69
54-->src\main\AndroidManifest.xml:37:19-66
55        <activity android:name="com.example.scynd2.UI.Activity.RunResultActivity" />
55-->src\main\AndroidManifest.xml:38:9-67
55-->src\main\AndroidManifest.xml:38:19-64
56        <activity android:name="com.example.scynd2.UI.Activity.CountDownActivity" />
56-->src\main\AndroidManifest.xml:39:9-67
56-->src\main\AndroidManifest.xml:39:19-64
57        <activity
57-->src\main\AndroidManifest.xml:40:9-50:20
58            android:name="com.example.scynd2.UI.Activity.MainActivity"
58-->src\main\AndroidManifest.xml:41:13-53
59            android:label="@string/title_activity_main"
59-->src\main\AndroidManifest.xml:42:13-56
60            android:theme="@style/Theme.AppCompat.DayNight.NoActionBar" >
60-->src\main\AndroidManifest.xml:43:13-72
61            <intent-filter>
61-->src\main\AndroidManifest.xml:44:13-49:29
62                <action android:name="android.intent.action.MAIN" />
62-->src\main\AndroidManifest.xml:45:17-69
62-->src\main\AndroidManifest.xml:45:25-66
63                <action android:name="android.intent.action.VIEW" />
63-->src\main\AndroidManifest.xml:46:17-69
63-->src\main\AndroidManifest.xml:46:25-66
64
65                <category android:name="android.intent.category.LAUNCHER" />
65-->src\main\AndroidManifest.xml:48:17-77
65-->src\main\AndroidManifest.xml:48:27-74
66            </intent-filter>
67        </activity>
68
69        <meta-data
69-->src\main\AndroidManifest.xml:52:9-54:64
70            android:name="com.amap.api.v2.apikey"
70-->src\main\AndroidManifest.xml:53:13-50
71            android:value="f5f3c88ed9f0953282dd48c71bffb034" />
71-->src\main\AndroidManifest.xml:54:13-61
72        <meta-data
72-->src\main\AndroidManifest.xml:55:9-57:71
73            android:name="com.google.android.geo.API_KEY"
73-->src\main\AndroidManifest.xml:56:13-58
74            android:value="AIzaSyBYFsgCDCxO_WA0WdadpiFMqN9G3qI2_QU" />
74-->src\main\AndroidManifest.xml:57:13-68
75
76        <activity android:name="com.example.scynd2.UI.Activity.GaodeMapActivity" />
76-->src\main\AndroidManifest.xml:59:9-66
76-->src\main\AndroidManifest.xml:59:19-63
77
78        <service android:name="com.amap.api.location.APSService" />
78-->src\main\AndroidManifest.xml:61:9-68
78-->src\main\AndroidManifest.xml:61:18-65
79
80        <activity
80-->[pub.devrel:easypermissions:3.0.0] AndroidManifest.xml:12:9-16:66
81            android:name="pub.devrel.easypermissions.AppSettingsDialogHolderActivity"
81-->[pub.devrel:easypermissions:3.0.0] AndroidManifest.xml:13:13-86
82            android:exported="false"
82-->[pub.devrel:easypermissions:3.0.0] AndroidManifest.xml:14:13-37
83            android:label=""
83-->[pub.devrel:easypermissions:3.0.0] AndroidManifest.xml:15:13-29
84            android:theme="@style/EasyPermissions.Transparent" /> <!-- Needs to be explicitly declared on P+ -->
84-->[pub.devrel:easypermissions:3.0.0] AndroidManifest.xml:16:13-63
85        <uses-library
85-->[com.google.android.gms:play-services-maps:18.1.0] AndroidManifest.xml:39:9-41:40
86            android:name="org.apache.http.legacy"
86-->[com.google.android.gms:play-services-maps:18.1.0] AndroidManifest.xml:40:13-50
87            android:required="false" />
87-->[com.google.android.gms:play-services-maps:18.1.0] AndroidManifest.xml:41:13-37
88
89        <activity
89-->[com.google.android.gms:play-services-base:18.0.1] AndroidManifest.xml:20:9-22:45
90            android:name="com.google.android.gms.common.api.GoogleApiActivity"
90-->[com.google.android.gms:play-services-base:18.0.1] AndroidManifest.xml:20:19-85
91            android:exported="false"
91-->[com.google.android.gms:play-services-base:18.0.1] AndroidManifest.xml:22:19-43
92            android:theme="@android:style/Theme.Translucent.NoTitleBar" />
92-->[com.google.android.gms:play-services-base:18.0.1] AndroidManifest.xml:21:19-78
93
94        <meta-data
94-->[com.google.android.gms:play-services-basement:18.0.0] AndroidManifest.xml:21:9-23:69
95            android:name="com.google.android.gms.version"
95-->[com.google.android.gms:play-services-basement:18.0.0] AndroidManifest.xml:22:13-58
96            android:value="@integer/google_play_services_version" />
96-->[com.google.android.gms:play-services-basement:18.0.0] AndroidManifest.xml:23:13-66
97    </application>
98
99</manifest>